<?xml version="1.0" encoding="UTF-8"?>
<testsuite name="PythagoreanTripletTest" tests="9" skipped="0" failures="0" errors="0" timestamp="2024-01-05T10:14:13" hostname="DESKTOP-CI133L3" time="3.335">
  <properties/>
  <testcase name="tripletsWhoseSumIs840WithFactorsLessThanOrEqualTo370" classname="PythagoreanTripletTest" time="0.101"/>
  <testcase name="tripletsWhoseSumIs1000" classname="PythagoreanTripletTest" time="0.021"/>
  <testcase name="tripletsWhoseSumIs1001" classname="PythagoreanTripletTest" time="0.009"/>
  <testcase name="tripletsWhoseSumIs108" classname="PythagoreanTripletTest" time="0.0"/>
  <testcase name="tripletsWhoseSumIs840" classname="PythagoreanTripletTest" time="0.011"/>
  <testcase name="tripletsWhoseSumIs12" classname="PythagoreanTripletTest" time="0.0"/>
  <testcase name="tripletsWhoseSumIs90" classname="PythagoreanTripletTest" time="0.0"/>
  <testcase name="tripletsWhoseSumIs30000WithFactorsLessThanOrEqualTo12500" classname="PythagoreanTripletTest" time="0.541"/>
  <testcase name="tripletsWhoseSumIs30000" classname="PythagoreanTripletTest" time="2.651"/>
  <system-out><![CDATA[]]></system-out>
  <system-err><![CDATA[]]></system-err>
</testsuite>
